<?xml version="1.0" encoding="UTF-8"?>
<!-- Generated by org.testng.reporters.JUnitXMLReporter -->
<testsuite hostname="PS-WIN-LP-276" ignored="2" name="test" tests="6" failures="0" timestamp="14 Nov 2019 11:41:41 GMT" time="65.0" errors="0">
  <testcase name="TC001_VerifyViewChangesButton" time="8.694" classname="tests.FilePickerPageTest"/>
  <testcase name="T001_VerifyDocumentNames" time="14.003" classname="tests.RedLineViewPageTest"/>
  <testcase name="T002_VerifyEncryptedDocUpload" time="10.091" classname="tests.FilePickerPageTest"/>
  <testcase name="T001_VerifyMenuItems" time="10.058" classname="tests.RedLineViewPageTest"/>
  <testcase name="T001_VerifyCorruptDocUpload" time="10.055" classname="tests.FilePickerPageTest"/>
  <testcase name="T001_VerifyInvalidExtensionsDocUpload" time="10.03" classname="tests.FilePickerPageTest"/>
  <testcase name="@BeforeSuite initialization" time="0.0" classname="base.TestBase">
    <ignored/>
  </testcase> <!-- @BeforeSuite initialization -->
  <testcase name="@AfterSuite tearDown" time="0.0" classname="base.TestBase">
    <ignored/>
  </testcase> <!-- @AfterSuite tearDown -->
</testsuite> <!-- test -->
